<?xml version="1.0" encoding="UTF-8"?>
<testsuites name="jest tests" tests="4" failures="0" time="3.166">
  <testsuite name="Landing Page Tests" errors="0" failures="0" skipped="0" timestamp="2023-06-26T09:32:43" time="1.464" tests="4">
    <testcase classname="Landing Page Tests fetchCities() - Makes a fetch call for /cities API endpoint and returns an array with the cities data" name="Landing Page Tests fetchCities() - Makes a fetch call for /cities API endpoint and returns an array with the cities data" time="0.082">
    </testcase>
    <testcase classname="Landing Page Tests Catches error and returns null, if fetch call fails " name="Landing Page Tests Catches error and returns null, if fetch call fails " time="0.032">
    </testcase>
    <testcase classname="Landing Page Tests Adds a new City - London" name="Landing Page Tests Adds a new City - London" time="0.035">
    </testcase>
    <testcase classname="Landing Page Tests Correctly links City Card to Adventures page" name="Landing Page Tests Correctly links City Card to Adventures page" time="0.019">
    </testcase>
  </testsuite>
</testsuites>